#
# There is insufficient memory for the Java Runtime Environment to continue.
# Native memory allocation (mmap) failed to map 134217728 bytes for Failed to commit area from 0x0000000081c00000 to 0x0000000089c00000 of length 134217728.
# Possible reasons:
#   The system is out of physical RAM or swap space
#   The process is running with CompressedOops enabled, and the Java Heap may be blocking the growth of the native heap
# Possible solutions:
#   Reduce memory load on the system
#   Increase physical memory or swap space
#   Check if swap backing store is full
#   Decrease Java heap size (-Xmx/-Xms)
#   Decrease number of Java threads
#   Decrease Java thread stack sizes (-Xss)
#   Set larger code cache with -XX:ReservedCodeCacheSize=
#   JVM is running with Unscaled Compressed Oops mode in which the Java heap is
#     placed in the first 4GB address space. The Java Heap base address is the
#     maximum limit for the native heap growth. Please use -XX:HeapBaseMinAddress
#     to set the Java Heap base and to place the Java Heap above 4GB virtual address.
# This output file may be truncated or incomplete.
#
#  Out of Memory Error (./open/src/hotspot/os/windows/os_windows.cpp:3315), pid=3304, tid=7724
#
# JRE version:  (14.0.1+7) (build )
# Java VM: Java HotSpot(TM) 64-Bit Server VM (14.0.1+7, mixed mode, sharing, tiered, compressed oops, g1 gc, windows-amd64)
# No core dump will be written. Minidumps are not enabled by default on client versions of Windows
#

---------------  S U M M A R Y ------------

Command Line: -javaagent:C:\Program Files\JetBrains\IntelliJ IDEA 2020.1.2\lib\idea_rt.jar=52364:C:\Program Files\JetBrains\IntelliJ IDEA 2020.1.2\bin -Dfile.encoding=UTF-8 uet.oop.bomberman.BombermanGame

Host: Intel(R) Core(TM) i5-9300H CPU @ 2.40GHz, 8 cores, 7G,  Windows 10 , 64 bit Build 18362 (10.0.18362.1110)
Time: Tue Dec  1 19:45:54 2020 SE Asia Standard Time elapsed time: 0 seconds (0d 0h 0m 0s)

---------------  T H R E A D  ---------------

Current thread (0x00000264c5bfe800):  JavaThread "Unknown thread" [_thread_in_vm, id=7724, stack(0x000000a5c6e00000,0x000000a5c6f00000)]

Stack: [0x000000a5c6e00000,0x000000a5c6f00000]
Native frames: (J=compiled Java code, j=interpreted, Vv=VM code, C=native code)
V  [jvm.dll+0x5f840a]
V  [jvm.dll+0x741e4a]
V  [jvm.dll+0x7435ff]
V  [jvm.dll+0x743c43]
V  [jvm.dll+0x20d288]
V  [jvm.dll+0x5f57ba]
V  [jvm.dll+0x5ea615]
V  [jvm.dll+0x2c7e9c]
V  [jvm.dll+0x2c7cd2]
V  [jvm.dll+0x2cdbbc]
V  [jvm.dll+0x313ff8]
V  [jvm.dll+0x313720]
V  [jvm.dll+0x2a092a]
V  [jvm.dll+0x2a1a79]
V  [jvm.dll+0x71f718]
V  [jvm.dll+0x321c44]
V  [jvm.dll+0x700b0c]
V  [jvm.dll+0x392dff]
V  [jvm.dll+0x394e71]
C  [jli.dll+0x523b]
C  [ucrtbase.dll+0x210b2]
C  [KERNEL32.DLL+0x17c24]
C  [ntdll.dll+0x6d4d1]


---------------  P R O C E S S  ---------------

Threads class SMR info:
_java_thread_list=0x00007ffe19cf3078, length=0, elements={
}

Java Threads: ( => current thread )

Other Threads:
  0x00000264c5c41000 GCTaskThread "GC Thread#0" [stack: 0x000000a5c6f00000,0x000000a5c7000000] [id=14476]
  0x00000264c5c52000 ConcurrentGCThread "G1 Main Marker" [stack: 0x000000a5c7000000,0x000000a5c7100000] [id=544]
  0x00000264c5c54000 ConcurrentGCThread "G1 Conc#0" [stack: 0x000000a5c7100000,0x000000a5c7200000] [id=1772]

[error occurred during error reporting (printing all threads), id 0xc0000005, EXCEPTION_ACCESS_VIOLATION (0xc0000005) at pc=0x00007ffe19521257]

VM state:not at safepoint (not fully initialized)

VM Mutex/Monitor currently owned by a thread:  ([mutex/lock_event])
[0x00000264c5bf9a90] Heap_lock - owner thread: 0x00000264c5bfe800

Heap address: 0x0000000081c00000, size: 2020 MB, Compressed Oops mode: 32-bit
Narrow klass base: 0x0000000000000000, Narrow klass shift: 0

GC Heap History (0 events):
No events

Deoptimization events (0 events):
No events

Classes unloaded (0 events):
No events

Classes redefined (0 events):
No events

Internal exceptions (0 events):
No events

Events (2 events):
Event: 0.006 Loaded shared library C:\Program Files\Java\jdk-14.0.1\bin\java.dll
Event: 0.006 Loaded shared library C:\Program Files\Java\jdk-14.0.1\bin\zip.dll


Dynamic libraries:
0x00007ff6f0bd0000 - 0x00007ff6f0bdf000 	C:\Program Files\Java\jdk-14.0.1\bin\java.exe
0x00007ffe6ee40000 - 0x00007ffe6f030000 	C:\Windows\SYSTEM32\ntdll.dll
0x00007ffe6e2e0000 - 0x00007ffe6e392000 	C:\Windows\System32\KERNEL32.DLL
0x00007ffe6c480000 - 0x00007ffe6c725000 	C:\Windows\System32\KERNELBASE.dll
0x00007ffe6c200000 - 0x00007ffe6c2fa000 	C:\Windows\System32\ucrtbase.dll
0x00007ffe64ac0000 - 0x00007ffe64ad5000 	C:\Program Files\Java\jdk-14.0.1\bin\VCRUNTIME140.dll
0x00007ffe54a20000 - 0x00007ffe54a38000 	C:\Program Files\Java\jdk-14.0.1\bin\jli.dll
0x00007ffe6da10000 - 0x00007ffe6dab3000 	C:\Windows\System32\ADVAPI32.dll
0x00007ffe6d480000 - 0x00007ffe6d51e000 	C:\Windows\System32\msvcrt.dll
0x00007ffe6eb50000 - 0x00007ffe6ebe7000 	C:\Windows\System32\sechost.dll
0x00007ffe6e9d0000 - 0x00007ffe6eaf0000 	C:\Windows\System32\RPCRT4.dll
0x00007ffe6d0d0000 - 0x00007ffe6d264000 	C:\Windows\System32\USER32.dll
0x00007ffe6cec0000 - 0x00007ffe6cee1000 	C:\Windows\System32\win32u.dll
0x00007ffe5a6f0000 - 0x00007ffe5a974000 	C:\Windows\WinSxS\amd64_microsoft.windows.common-controls_6595b64144ccf1df_6.0.18362.1198_none_9e820b57e45ad92f\COMCTL32.dll
0x00007ffe6e930000 - 0x00007ffe6e956000 	C:\Windows\System32\GDI32.dll
0x00007ffe6e5f0000 - 0x00007ffe6e925000 	C:\Windows\System32\combase.dll
0x00007ffe6beb0000 - 0x00007ffe6c046000 	C:\Windows\System32\gdi32full.dll
0x00007ffe6c3b0000 - 0x00007ffe6c430000 	C:\Windows\System32\bcryptPrimitives.dll
0x00007ffe6be10000 - 0x00007ffe6beae000 	C:\Windows\System32\msvcp_win.dll
0x00007ffe658e0000 - 0x00007ffe658ea000 	C:\Windows\SYSTEM32\VERSION.dll
0x00007ffe6e3a0000 - 0x00007ffe6e3ce000 	C:\Windows\System32\IMM32.DLL
0x00007ffe33cd0000 - 0x00007ffe33d6b000 	C:\Program Files\Java\jdk-14.0.1\bin\msvcp140.dll
0x00007ffe19270000 - 0x00007ffe19d8e000 	C:\Program Files\Java\jdk-14.0.1\bin\server\jvm.dll
0x00007ffe6e450000 - 0x00007ffe6e458000 	C:\Windows\System32\PSAPI.DLL
0x00007ffe63c10000 - 0x00007ffe63c19000 	C:\Windows\SYSTEM32\WSOCK32.dll
0x00007ffe685d0000 - 0x00007ffe685f4000 	C:\Windows\SYSTEM32\WINMM.dll
0x00007ffe6e210000 - 0x00007ffe6e27f000 	C:\Windows\System32\WS2_32.dll
0x00007ffe685a0000 - 0x00007ffe685cd000 	C:\Windows\SYSTEM32\winmmbase.dll
0x00007ffe6c430000 - 0x00007ffe6c47a000 	C:\Windows\System32\cfgmgr32.dll
0x00007ffe6bd20000 - 0x00007ffe6bd31000 	C:\Windows\System32\kernel.appcore.dll
0x00007ffe64ab0000 - 0x00007ffe64aba000 	C:\Program Files\Java\jdk-14.0.1\bin\jimage.dll
0x00007ffe6a5e0000 - 0x00007ffe6a7d4000 	C:\Windows\SYSTEM32\DBGHELP.DLL
0x00007ffe54490000 - 0x00007ffe544ba000 	C:\Windows\SYSTEM32\dbgcore.DLL
0x00007ffe63c50000 - 0x00007ffe63c5e000 	C:\Program Files\Java\jdk-14.0.1\bin\instrument.dll
0x00007ffe43320000 - 0x00007ffe43345000 	C:\Program Files\Java\jdk-14.0.1\bin\java.dll
0x00007ffe46910000 - 0x00007ffe46926000 	C:\Program Files\Java\jdk-14.0.1\bin\zip.dll

dbghelp: loaded successfully - version: 4.0.5 - missing functions: none
symbol engine: initialized successfully - sym options: 0x614 - pdb path: .;C:\Program Files\Java\jdk-14.0.1\bin;C:\Windows\SYSTEM32;C:\Windows\WinSxS\amd64_microsoft.windows.common-controls_6595b64144ccf1df_6.0.18362.1198_none_9e820b57e45ad92f;C:\Program Files\Java\jdk-14.0.1\bin\server

VM Arguments:
jvm_args: -javaagent:C:\Program Files\JetBrains\IntelliJ IDEA 2020.1.2\lib\idea_rt.jar=52364:C:\Program Files\JetBrains\IntelliJ IDEA 2020.1.2\bin -Dfile.encoding=UTF-8 
java_command: uet.oop.bomberman.BombermanGame
java_class_path (initial): E:\Bomberman-OOP\target\classes;C:\Users\Admin\.m2\repository\org\openjfx\javafx-controls\15\javafx-controls-15.jar;C:\Users\Admin\.m2\repository\org\openjfx\javafx-controls\15\javafx-controls-15-win.jar;C:\Users\Admin\.m2\repository\org\openjfx\javafx-fxml\15\javafx-fxml-15.jar;C:\Users\Admin\.m2\repository\org\openjfx\javafx-fxml\15\javafx-fxml-15-win.jar;C:\Users\Admin\.m2\repository\org\openjfx\javafx-base\15\javafx-base-15.jar;C:\Users\Admin\.m2\repository\org\openjfx\javafx-base\15\javafx-base-15-win.jar;C:\Users\Admin\.m2\repository\org\openjfx\javafx-graphics\15\javafx-graphics-15.jar;C:\Users\Admin\.m2\repository\org\openjfx\javafx-graphics\15\javafx-graphics-15-win.jar
Launcher Type: SUN_STANDARD

[Global flags]
     intx CICompilerCount                          = 4                                         {product} {ergonomic}
     uint ConcGCThreads                            = 2                                         {product} {ergonomic}
     uint G1ConcRefinementThreads                  = 8                                         {product} {ergonomic}
   size_t G1HeapRegionSize                         = 1048576                                   {product} {ergonomic}
    uintx GCDrainStackTargetSize                   = 64                                        {product} {ergonomic}
   size_t InitialHeapSize                          = 134217728                                 {product} {ergonomic}
   size_t MarkStackSize                            = 4194304                                   {product} {ergonomic}
   size_t MaxHeapSize                              = 2118123520                                {product} {ergonomic}
   size_t MinHeapDeltaBytes                        = 1048576                                   {product} {ergonomic}
   size_t MinHeapSize                              = 8388608                                   {product} {ergonomic}
    uintx NonNMethodCodeHeapSize                   = 5839372                                {pd product} {ergonomic}
    uintx NonProfiledCodeHeapSize                  = 122909434                              {pd product} {ergonomic}
    uintx ProfiledCodeHeapSize                     = 122909434                              {pd product} {ergonomic}
    uintx ReservedCodeCacheSize                    = 251658240                              {pd product} {ergonomic}
     bool SegmentedCodeCache                       = true                                      {product} {ergonomic}
   size_t SoftMaxHeapSize                          = 2118123520                             {manageable} {ergonomic}
     bool UseCompressedClassPointers               = true                                 {lp64_product} {ergonomic}
     bool UseCompressedOops                        = true                                 {lp64_product} {ergonomic}
     bool UseG1GC                                  = true                                      {product} {ergonomic}
     bool UseLargePagesIndividualAllocation        = false                                  {pd product} {ergonomic}

Logging:
Log output configuration:
 #0: stdout all=warning uptime,level,tags
 #1: stderr all=off uptime,level,tags

Environment Variables:
PATH=C:\ProgramData\Anaconda3;C:\ProgramData\Anaconda3\Library\mingw-w64\bin;C:\ProgramData\Anaconda3\Library\usr\bin;C:\ProgramData\Anaconda3\Library\bin;C:\ProgramData\Anaconda3\Scripts;C:\Program Files (x86)\Common Files\Oracle\Java\javapath;C:\Windows\system32;C:\Windows;C:\Windows\System32\Wbem;C:\Windows\System32\WindowsPowerShell\v1.0\;C:\Windows\System32\OpenSSH\;C:\Program Files\Git\cmd;C:\Users\Admin\AppData\Local\Programs\Python\Python37\Scripts\;C:\Users\Admin\AppData\Local\Programs\Python\Python37\;C:\Users\Admin\AppData\Local\Microsoft\WindowsApps;C:\Program Files\JetBrains\IntelliJ IDEA 2020.1.2\bin;;C:\Users\Admin\AppData\Local\GitHubDesktop\bin
USERNAME=Admin
OS=Windows_NT
PROCESSOR_IDENTIFIER=Intel64 Family 6 Model 158 Stepping 10, GenuineIntel



---------------  S Y S T E M  ---------------

OS: Windows 10 , 64 bit Build 18362 (10.0.18362.1110)
OS uptime: 1 days 1:27 hours

CPU:total 8 (initial active 8) (4 cores per cpu, 2 threads per core) family 6 model 158 stepping 10, cmov, cx8, fxsr, mmx, sse, sse2, sse3, ssse3, sse4.1, sse4.2, popcnt, avx, avx2, aes, clmul, erms, 3dnowpref, lzcnt, ht, tsc, tscinvbit, bmi1, bmi2, adx, fma

Memory: 4k page, system-wide physical 8072M (2486M free)
TotalPageFile size 32648M (AvailPageFile size 18M)
current process WorkingSet (physical memory assigned to process): 10M, peak: 10M
current process commit charge ("private bytes"): 60M, peak: 188M

vm_info: Java HotSpot(TM) 64-Bit Server VM (14.0.1+7) for windows-amd64 JRE (14.0.1+7), built on Mar  5 2020 10:30:14 by "mach5one" with MS VC++ 15.9 (VS2017)

END.
